<?xml version="1.0" encoding="UTF-8"?>
<robot generator="Robot 3.1.2 (Python 3.8.2 on win32)" generated="20200624 16:21:08.233" rpa="false">
<suite id="s1" name="ProjetoLinkados V01" source="C:\Users\marco\PycharmProjects\teste\TestCases\ProjetoLinkados_V01.robot">
<test id="s1-t1" name="Validar se a ferramenta esta acessivel (home page- status 200)">
<kw name="Acessar o site da Share Linx">
<kw name="Open Browser" library="SeleniumLibrary">
<doc>Opens a new browser instance to the optional ``url``.</doc>
<arguments>
<arg>${URL_Home}</arg>
<arg>${Navegador}</arg>
</arguments>
<msg timestamp="20200624 16:21:10.515" level="INFO">Opening browser 'chrome' to base url 'https://share.linx.com.br/#all-updates'.</msg>
<status status="PASS" starttime="20200624 16:21:10.515" endtime="20200624 16:21:30.557"></status>
</kw>
<kw name="Maximize Browser Window" library="SeleniumLibrary">
<doc>Maximizes current browser window.</doc>
<status status="PASS" starttime="20200624 16:21:30.557" endtime="20200624 16:21:32.844"></status>
</kw>
<kw name="Sleep" library="BuiltIn">
<doc>Pauses the test executed for the given time.</doc>
<arguments>
<arg>5s</arg>
</arguments>
<msg timestamp="20200624 16:21:37.847" level="INFO">Slept 5 seconds</msg>
<status status="PASS" starttime="20200624 16:21:32.844" endtime="20200624 16:21:37.847"></status>
</kw>
<status status="PASS" starttime="20200624 16:21:10.515" endtime="20200624 16:21:37.847"></status>
</kw>
<kw name="Finalizar teste">
<kw name="Close Browser" library="SeleniumLibrary">
<doc>Closes the current browser.</doc>
<status status="PASS" starttime="20200624 16:21:37.847" endtime="20200624 16:21:40.254"></status>
</kw>
<status status="PASS" starttime="20200624 16:21:37.847" endtime="20200624 16:21:40.254"></status>
</kw>
<status status="PASS" starttime="20200624 16:21:10.515" endtime="20200624 16:21:40.254" critical="yes"></status>
</test>
<doc>Esse é um projeto entregavel do grupo Linkados para a empresa Linx sobre automacao de testes</doc>
<status status="PASS" starttime="20200624 16:21:08.233" endtime="20200624 16:21:40.254"></status>
</suite>
<statistics>
<total>
<stat pass="1" fail="0">Critical Tests</stat>
<stat pass="1" fail="0">All Tests</stat>
</total>
<tag>
</tag>
<suite>
<stat pass="1" fail="0" id="s1" name="ProjetoLinkados V01">ProjetoLinkados V01</stat>
</suite>
</statistics>
<errors>
</errors>
</robot>
